#
# There is insufficient memory for the Java Runtime Environment to continue.
# Native memory allocation (mmap) failed to map 167772160 bytes. Error detail: G1 virtual space
# Possible reasons:
#   The system is out of physical RAM or swap space
#   This process is running with CompressedOops enabled, and the Java Heap may be blocking the growth of the native heap
# Possible solutions:
#   Reduce memory load on the system
#   Increase physical memory or swap space
#   Check if swap backing store is full
#   Decrease Java heap size (-Xmx/-Xms)
#   Decrease number of Java threads
#   Decrease Java thread stack sizes (-Xss)
#   Set larger code cache with -XX:ReservedCodeCacheSize=
#   JVM is running with Zero Based Compressed Oops mode in which the Java heap is
#     placed in the first 32GB address space. The Java Heap base address is the
#     maximum limit for the native heap growth. Please use -XX:HeapBaseMinAddress
#     to set the Java Heap base and to place the Java Heap above 32GB virtual address.
# This output file may be truncated or incomplete.
#
#  Out of Memory Error (os_windows.cpp:3815), pid=14220, tid=12512
#
# JRE version:  (21.0.3) (build )
# Java VM: OpenJDK 64-Bit Server VM (21.0.3+-12282718-b509.11, mixed mode, sharing, tiered, compressed oops, compressed class ptrs, g1 gc, windows-amd64)
# No core dump will be written. Minidumps are not enabled by default on client versions of Windows
#

---------------  S U M M A R Y ------------

Command Line: org.jetbrains.kotlin.cli.jvm.K2JVMCompiler @E:\Mobile Project\UTS\app\build\20241017_9381196927030526382.compiler.options

Host: AMD Ryzen 3 3250U with Radeon Graphics         , 4 cores, 9G,  Windows 11 , 64 bit Build 22621 (10.0.22621.3958)
Time: Thu Oct 17 15:29:16 2024 SE Asia Standard Time elapsed time: 0.053757 seconds (0d 0h 0m 0s)

---------------  T H R E A D  ---------------

Current thread (0x000001ef30955b10):  JavaThread "Unknown thread" [_thread_in_vm, id=12512, stack(0x000000c1a1700000,0x000000c1a1800000) (1024K)]

Stack: [0x000000c1a1700000,0x000000c1a1800000]
Native frames: (J=compiled Java code, j=interpreted, Vv=VM code, C=native code)
V  [jvm.dll+0x6cafb9]
V  [jvm.dll+0x858523]
V  [jvm.dll+0x85aa7e]
V  [jvm.dll+0x85b163]
V  [jvm.dll+0x27d356]
V  [jvm.dll+0x6c7865]
V  [jvm.dll+0x6bbd3a]
V  [jvm.dll+0x35199b]
V  [jvm.dll+0x3595d6]
V  [jvm.dll+0x3aa826]
V  [jvm.dll+0x3aaaf8]
V  [jvm.dll+0x3240bc]
V  [jvm.dll+0x324dab]
V  [jvm.dll+0x81fd89]
V  [jvm.dll+0x3b7c08]
V  [jvm.dll+0x80921d]
V  [jvm.dll+0x44c05e]
V  [jvm.dll+0x44d6b1]
C  [jli.dll+0x52ab]
C  [ucrtbase.dll+0x29333]
C  [KERNEL32.DLL+0x1257d]
C  [ntdll.dll+0x5af08]


---------------  P R O C E S S  ---------------

Threads class SMR info:
_java_thread_list=0x00007ffc7f0357c8, length=0, elements={
}

Java Threads: ( => current thread )
Total: 0

Other Threads:
  0x000001ef32c00920 WorkerThread "GC Thread#0"                     [id=8836, stack(0x000000c1a1800000,0x000000c1a1900000) (1024K)]
  0x000001ef32c0b840 ConcurrentGCThread "G1 Main Marker"            [id=10364, stack(0x000000c1a1900000,0x000000c1a1a00000) (1024K)]
  0x000001ef32c0c340 WorkerThread "G1 Conc#0"                       [id=13296, stack(0x000000c1a1a00000,0x000000c1a1b00000) (1024K)]

[error occurred during error reporting (printing all threads), id 0xc0000005, EXCEPTION_ACCESS_VIOLATION (0xc0000005) at pc=0x00007ffc7e837197]
VM state: not at safepoint (not fully initialized)

VM Mutex/Monitor currently owned by a thread:  ([mutex/lock_event])
[0x00007ffc7f0a21c8] Heap_lock - owner thread: 0x000001ef30955b10

Heap address: 0x0000000760c00000, size: 2548 MB, Compressed Oops mode: Zero based, Oop shift amount: 3

CDS archive(s) mapped at: [0x0000000000000000-0x0000000000000000-0x0000000000000000), size 0, SharedBaseAddress: 0x0000000800000000, ArchiveRelocationMode: 1.
Narrow klass base: 0x0000000000000000, Narrow klass shift: 0, Narrow klass range: 0x0

GC Precious Log:
 CardTable entry size: 512
 Card Set container configuration: InlinePtr #cards 4 size 8 Array Of Cards #cards 16 size 48 Howl #buckets 8 coarsen threshold 3686 Howl Bitmap #cards 512 size 80 coarsen threshold 460 Card regions per heap region 1 cards per card region 4096

Heap:
 garbage-first heap   total 0K, used 0K [0x0000000760c00000, 0x0000000800000000)
  region size 2048K, 0 young (0K), 0 survivors (0K)
 Metaspace       used 0K, committed 0K, reserved 0K
  class space    used 0K, committed 0K, reserved 0K

Heap Regions: E=young(eden), S=young(survivor), O=old, HS=humongous(starts), HC=humongous(continues), CS=collection set, F=free, TAMS=top-at-mark-start, PB=parsable bottom

Card table byte_map: [0x000001ef451f0000,0x000001ef456f0000] _byte_map_base: 0x000001ef416ea000

Marking Bits: (CMBitMap*) 0x000001ef32c01020
 Bits: [0x000001ef456f0000, 0x000001ef47ec0000)

GC Heap History (0 events):
No events

Dll operation events (1 events):
Event: 0.032 Loaded shared library E:\Android\jbr\bin\java.dll

Deoptimization events (0 events):
No events

Classes loaded (0 events):
No events

Classes unloaded (0 events):
No events

Classes redefined (0 events):
No events

Internal exceptions (0 events):
No events

ZGC Phase Switch (0 events):
No events

VM Operations (0 events):
No events

Events (0 events):
No events


Dynamic libraries:
0x00007ff6041c0000 - 0x00007ff6041ca000 	E:\Android\jbr\bin\java.exe
0x00007ffcbfab0000 - 0x00007ffcbfcc7000 	C:\WINDOWS\SYSTEM32\ntdll.dll
0x00007ffcbe590000 - 0x00007ffcbe654000 	C:\WINDOWS\System32\KERNEL32.DLL
0x00007ffcbcdc0000 - 0x00007ffcbd177000 	C:\WINDOWS\System32\KERNELBASE.dll
0x00007ffcb8680000 - 0x00007ffcb8717000 	C:\WINDOWS\SYSTEM32\apphelp.dll
0x00007ffcbd6c0000 - 0x00007ffcbd7d1000 	C:\WINDOWS\System32\ucrtbase.dll
0x00007ffcb2310000 - 0x00007ffcb2328000 	E:\Android\jbr\bin\jli.dll
0x00007ffcbddf0000 - 0x00007ffcbdf9f000 	C:\WINDOWS\System32\USER32.dll
0x00007ffcbd400000 - 0x00007ffcbd426000 	C:\WINDOWS\System32\win32u.dll
0x00007ffcbe790000 - 0x00007ffcbe7b9000 	C:\WINDOWS\System32\GDI32.dll
0x00007ffcbd2e0000 - 0x00007ffcbd3f8000 	C:\WINDOWS\System32\gdi32full.dll
0x00007ffcbd180000 - 0x00007ffcbd21a000 	C:\WINDOWS\System32\msvcp_win.dll
0x00007ffcb8980000 - 0x00007ffcb899b000 	E:\Android\jbr\bin\VCRUNTIME140.dll
0x00007ffcacfe0000 - 0x00007ffcad273000 	C:\WINDOWS\WinSxS\amd64_microsoft.windows.common-controls_6595b64144ccf1df_6.0.22621.3672_none_2713b9d173822955\COMCTL32.dll
0x00007ffcbdfb0000 - 0x00007ffcbe057000 	C:\WINDOWS\System32\msvcrt.dll
0x00007ffcbddb0000 - 0x00007ffcbdde1000 	C:\WINDOWS\System32\IMM32.DLL
0x00007ffcb9610000 - 0x00007ffcb961c000 	E:\Android\jbr\bin\vcruntime140_1.dll
0x00007ffcac570000 - 0x00007ffcac5fd000 	E:\Android\jbr\bin\msvcp140.dll
0x00007ffc7e500000 - 0x00007ffc7f17d000 	E:\Android\jbr\bin\server\jvm.dll
0x00007ffcbdc90000 - 0x00007ffcbdd42000 	C:\WINDOWS\System32\ADVAPI32.dll
0x00007ffcbe7c0000 - 0x00007ffcbe868000 	C:\WINDOWS\System32\sechost.dll
0x00007ffcbd610000 - 0x00007ffcbd638000 	C:\WINDOWS\System32\bcrypt.dll
0x00007ffcbe670000 - 0x00007ffcbe784000 	C:\WINDOWS\System32\RPCRT4.dll
0x00007ffcbf5f0000 - 0x00007ffcbf661000 	C:\WINDOWS\System32\WS2_32.dll
0x00007ffcbcc90000 - 0x00007ffcbccdd000 	C:\WINDOWS\SYSTEM32\POWRPROF.dll
0x00007ffcb8830000 - 0x00007ffcb8864000 	C:\WINDOWS\SYSTEM32\WINMM.dll
0x00007ffcb41e0000 - 0x00007ffcb41ea000 	C:\WINDOWS\SYSTEM32\VERSION.dll
0x00007ffcbcc70000 - 0x00007ffcbcc83000 	C:\WINDOWS\SYSTEM32\UMPDC.dll
0x00007ffcbbe10000 - 0x00007ffcbbe28000 	C:\WINDOWS\SYSTEM32\kernel.appcore.dll
0x00007ffcb95e0000 - 0x00007ffcb95ea000 	E:\Android\jbr\bin\jimage.dll
0x00007ffcba330000 - 0x00007ffcba562000 	C:\WINDOWS\SYSTEM32\DBGHELP.DLL
0x00007ffcbe060000 - 0x00007ffcbe3ee000 	C:\WINDOWS\System32\combase.dll
0x00007ffcbf720000 - 0x00007ffcbf7f7000 	C:\WINDOWS\System32\OLEAUT32.dll
0x00007ffc9f860000 - 0x00007ffc9f892000 	C:\WINDOWS\SYSTEM32\dbgcore.DLL
0x00007ffcbd640000 - 0x00007ffcbd6bb000 	C:\WINDOWS\System32\bcryptPrimitives.dll
0x00007ffcb8890000 - 0x00007ffcb88af000 	E:\Android\jbr\bin\java.dll

dbghelp: loaded successfully - version: 4.0.5 - missing functions: none
symbol engine: initialized successfully - sym options: 0x614 - pdb path: .;E:\Android\jbr\bin;C:\WINDOWS\SYSTEM32;C:\WINDOWS\WinSxS\amd64_microsoft.windows.common-controls_6595b64144ccf1df_6.0.22621.3672_none_2713b9d173822955;E:\Android\jbr\bin\server

VM Arguments:
java_command: org.jetbrains.kotlin.cli.jvm.K2JVMCompiler @E:\Mobile Project\UTS\app\build\20241017_9381196927030526382.compiler.options
java_class_path (initial): C:\Users\asus\.gradle\caches\modules-2\files-2.1\org.jetbrains.kotlin\kotlin-compiler-embeddable\2.0.21\79346ed53db48b18312a472602eb5c057070c54d\kotlin-compiler-embeddable-2.0.21.jar;C:\Users\asus\.gradle\caches\modules-2\files-2.1\org.jetbrains.kotlin\kotlin-stdlib\2.0.21\618b539767b4899b4660a83006e052b63f1db551\kotlin-stdlib-2.0.21.jar;C:\Users\asus\.gradle\caches\modules-2\files-2.1\org.jetbrains.kotlin\kotlin-script-runtime\2.0.21\c9b044380ad41f89aa89aa896c2d32a8c0b2129d\kotlin-script-runtime-2.0.21.jar;C:\Users\asus\.gradle\caches\modules-2\files-2.1\org.jetbrains.kotlin\kotlin-reflect\1.6.10\1cbe9c92c12a94eea200d23c2bbaedaf3daf5132\kotlin-reflect-1.6.10.jar;C:\Users\asus\.gradle\caches\modules-2\files-2.1\org.jetbrains.kotlin\kotlin-daemon-embeddable\2.0.21\c9e933b23287de9b5a17e2116b4657bb91aea72c\kotlin-daemon-embeddable-2.0.21.jar;C:\Users\asus\.gradle\caches\modules-2\files-2.1\org.jetbrains.intellij.deps\trove4j\1.0.20200330\3afb14d5f9ceb459d724e907a21145e8ff394f02\trove4j-1.0.20200330.jar;C:\Users\asus\.gradle\caches\modules-2\files-2.1\org.jetbrains.kotlinx\kotlinx-coroutines-core-jvm\1.6.4\2c997cd1c0ef33f3e751d3831929aeff1390cb30\kotlinx-coroutines-core-jvm-1.6.4.jar;C:\Users\asus\.gradle\caches\modules-2\files-2.1\org.jetbrains\annotations\13.0\919f0dfe192fb4e063e7dacadee7f8bb9a2672a9\annotations-13.0.jar
Launcher Type: SUN_STANDARD

[Global flags]
     intx CICompilerCount                          = 3                                         {product} {ergonomic}
     uint ConcGCThreads                            = 1                                         {product} {ergonomic}
     uint G1ConcRefinementThreads                  = 4                                         {product} {ergonomic}
   size_t G1HeapRegionSize                         = 2097152                                   {product} {ergonomic}
    uintx GCDrainStackTargetSize                   = 64                                        {product} {ergonomic}
   size_t InitialHeapSize                          = 167772160                                 {product} {ergonomic}
   size_t MarkStackSize                            = 4194304                                   {product} {ergonomic}
   size_t MaxHeapSize                              = 2671771648                                {product} {ergonomic}
   size_t MinHeapDeltaBytes                        = 2097152                                   {product} {ergonomic}
   size_t MinHeapSize                              = 8388608                                   {product} {ergonomic}
    uintx NonNMethodCodeHeapSize                   = 5832780                                {pd product} {ergonomic}
    uintx NonProfiledCodeHeapSize                  = 122912730                              {pd product} {ergonomic}
    uintx ProfiledCodeHeapSize                     = 122912730                              {pd product} {ergonomic}
    uintx ReservedCodeCacheSize                    = 251658240                              {pd product} {ergonomic}
     bool SegmentedCodeCache                       = true                                      {product} {ergonomic}
   size_t SoftMaxHeapSize                          = 2671771648                             {manageable} {ergonomic}
     bool UseCompressedOops                        = true                           {product lp64_product} {ergonomic}
     bool UseG1GC                                  = true                                      {product} {ergonomic}
     bool UseLargePagesIndividualAllocation        = false                                  {pd product} {ergonomic}

Logging:
Log output configuration:
 #0: stdout all=warning uptime,level,tags foldmultilines=false
 #1: stderr all=off uptime,level,tags foldmultilines=false

Environment Variables:
PATH=C:\Program Files\Common Files\Oracle\Java\javapath;C:\WINDOWS\system32;C:\WINDOWS;C:\WINDOWS\System32\Wbem;C:\WINDOWS\System32\WindowsPowerShell\v1.0\;C:\WINDOWS\System32\OpenSSH\;E:\Git\cmd;E:\Xampp\php;C:\ProgramData\ComposerSetup\bin;E:\PuTTY\;C:\Program Files\dotnet\;E:\Python\Scripts\;E:\Python\;C:\Users\asus\AppData\Local\Programs\Python\Launcher\;C:\Users\asus\AppData\Local\Microsoft\WindowsApps;E:\Microsoft VS Code\bin;C:\Users\asus\AppData\Roaming\Composer\vendor\bin
USERNAME=asus
OS=Windows_NT
PROCESSOR_IDENTIFIER=AMD64 Family 23 Model 24 Stepping 1, AuthenticAMD
TMP=C:\Users\asus\AppData\Local\Temp
TEMP=C:\Users\asus\AppData\Local\Temp




Periodic native trim disabled

JNI global refs:
JNI global refs: 0, weak refs: 0

JNI global refs memory usage: 0, weak refs: 0

Process memory usage:
Resident Set Size: 12748K (0% of 10434736K total physical memory with 273512K free physical memory)

OOME stack traces (most recent first):
Classloader memory used:

---------------  S Y S T E M  ---------------

OS:
 Windows 11 , 64 bit Build 22621 (10.0.22621.3958)
OS uptime: 7 days 3:29 hours

CPU: total 4 (initial active 4) (4 cores per cpu, 2 threads per core) family 23 model 24 stepping 1 microcode 0x0, cx8, cmov, fxsr, ht, mmx, 3dnowpref, sse, sse2, sse3, ssse3, sse4a, sse4.1, sse4.2, popcnt, lzcnt, tsc, tscinvbit, avx, avx2, aes, clmul, bmi1, bmi2, adx, sha, fma, vzeroupper, clflush, clflushopt, rdtscp, f16c
Processor Information for all 4 processors :
  Max Mhz: 2600, Current Mhz: 2600, Mhz Limit: 2600

Memory: 4k page, system-wide physical 10190M (267M free)
TotalPageFile size 12238M (AvailPageFile size 24M)
current process WorkingSet (physical memory assigned to process): 12M, peak: 12M
current process commit charge ("private bytes"): 51M, peak: 211M

vm_info: OpenJDK 64-Bit Server VM (21.0.3+-12282718-b509.11) for windows-amd64 JRE (21.0.3+-12282718-b509.11), built on 2024-08-27T17:34:15Z by "builder" with MS VC++ 16.10 / 16.11 (VS2019)

END.
